<?xml version="1.0" encoding="UTF-8"?>
<testng-results skipped="0" failed="1" ignored="0" total="2" passed="1">
  <reporter-output>
  </reporter-output>
  <suite name="Default suite" duration-ms="28682" started-at="2021-01-22T05:11:14 CST" finished-at="2021-01-22T05:11:43 CST">
    <groups>
    </groups>
    <test name="Default test" duration-ms="28682" started-at="2021-01-22T05:11:14 CST" finished-at="2021-01-22T05:11:43 CST">
      <class name="variousconcept.LearnTestNG">
        <test-method status="PASS" signature="init()[pri:0, instance:variousconcept.LearnTestNG@26aa12dd]" name="init" is-config="true" duration-ms="9844" started-at="2021-01-22T05:11:14 CST" finished-at="2021-01-22T05:11:24 CST">
          <reporter-output>
          </reporter-output>
        </test-method> <!-- init -->
        <test-method status="PASS" signature="dealWithDynamicWebElement()[pri:0, instance:variousconcept.LearnTestNG@26aa12dd]" name="dealWithDynamicWebElement" duration-ms="3607" started-at="2021-01-22T05:11:24 CST" finished-at="2021-01-22T05:11:27 CST">
          <reporter-output>
          </reporter-output>
        </test-method> <!-- dealWithDynamicWebElement -->
        <test-method status="PASS" signature="tearDown()[pri:0, instance:variousconcept.LearnTestNG@26aa12dd]" name="tearDown" is-config="true" duration-ms="1280" started-at="2021-01-22T05:11:27 CST" finished-at="2021-01-22T05:11:29 CST">
          <reporter-output>
          </reporter-output>
        </test-method> <!-- tearDown -->
        <test-method status="PASS" signature="init()[pri:0, instance:variousconcept.LearnTestNG@26aa12dd]" name="init" is-config="true" duration-ms="8572" started-at="2021-01-22T05:11:29 CST" finished-at="2021-01-22T05:11:37 CST">
          <reporter-output>
          </reporter-output>
        </test-method> <!-- init -->
        <test-method status="FAIL" signature="dealWithDynamicWebElement1()[pri:0, instance:variousconcept.LearnTestNG@26aa12dd]" name="dealWithDynamicWebElement1" duration-ms="4125" started-at="2021-01-22T05:11:37 CST" finished-at="2021-01-22T05:11:41 CST">
          <exception class="junit.framework.ComparisonFailure">
            <message>
              <![CDATA[Dashboard page not found! expected:<Dashboard[1]> but was:<Dashboard[]>]]>
            </message>
            <full-stacktrace>
              <![CDATA[junit.framework.ComparisonFailure: Dashboard page not found! expected:<Dashboard[1]> but was:<Dashboard[]>
at junit.framework.Assert.assertEquals(Assert.java:100)
at variousconcept.LearnTestNG.dealWithDynamicWebElement1(LearnTestNG.java:79)
at sun.reflect.NativeMethodAccessorImpl.invoke0(Native Method)
at sun.reflect.NativeMethodAccessorImpl.invoke(NativeMethodAccessorImpl.java:62)
at sun.reflect.DelegatingMethodAccessorImpl.invoke(DelegatingMethodAccessorImpl.java:43)
at java.lang.reflect.Method.invoke(Method.java:498)
at org.testng.internal.MethodInvocationHelper.invokeMethod(MethodInvocationHelper.java:132)
at org.testng.internal.TestInvoker.invokeMethod(TestInvoker.java:599)
at org.testng.internal.TestInvoker.invokeTestMethod(TestInvoker.java:174)
at org.testng.internal.MethodRunner.runInSequence(MethodRunner.java:46)
at org.testng.internal.TestInvoker$MethodInvocationAgent.invoke(TestInvoker.java:822)
at org.testng.internal.TestInvoker.invokeTestMethods(TestInvoker.java:147)
at org.testng.internal.TestMethodWorker.invokeTestMethods(TestMethodWorker.java:146)
at org.testng.internal.TestMethodWorker.run(TestMethodWorker.java:128)
at java.util.ArrayList.forEach(ArrayList.java:1259)
at org.testng.TestRunner.privateRun(TestRunner.java:764)
at org.testng.TestRunner.run(TestRunner.java:585)
at org.testng.SuiteRunner.runTest(SuiteRunner.java:384)
at org.testng.SuiteRunner.runSequentially(SuiteRunner.java:378)
at org.testng.SuiteRunner.privateRun(SuiteRunner.java:337)
at org.testng.SuiteRunner.run(SuiteRunner.java:286)
at org.testng.SuiteRunnerWorker.runSuite(SuiteRunnerWorker.java:53)
at org.testng.SuiteRunnerWorker.run(SuiteRunnerWorker.java:96)
at org.testng.TestNG.runSuitesSequentially(TestNG.java:1218)
at org.testng.TestNG.runSuitesLocally(TestNG.java:1140)
at org.testng.TestNG.runSuites(TestNG.java:1069)
at org.testng.TestNG.run(TestNG.java:1037)
at org.testng.remote.AbstractRemoteTestNG.run(AbstractRemoteTestNG.java:115)
at org.testng.remote.RemoteTestNG.initAndRun(RemoteTestNG.java:251)
at org.testng.remote.RemoteTestNG.main(RemoteTestNG.java:77)
]]>
            </full-stacktrace>
          </exception> <!-- junit.framework.ComparisonFailure -->
          <reporter-output>
          </reporter-output>
        </test-method> <!-- dealWithDynamicWebElement1 -->
        <test-method status="PASS" signature="tearDown()[pri:0, instance:variousconcept.LearnTestNG@26aa12dd]" name="tearDown" is-config="true" duration-ms="1168" started-at="2021-01-22T05:11:41 CST" finished-at="2021-01-22T05:11:43 CST">
          <reporter-output>
          </reporter-output>
        </test-method> <!-- tearDown -->
      </class> <!-- variousconcept.LearnTestNG -->
    </test> <!-- Default test -->
  </suite> <!-- Default suite -->
</testng-results>
